<?xml version="1.0" encoding="UTF-8"?>
<!-- Generated by org.testng.reporters.JUnitReportReporter -->
<testsuite hostname="Afiya2025" failures="0" tests="28" name="tests.Signup" time="2.823" errors="1" timestamp="2024-01-02T16:03:43 IST" skipped="27">
  <testcase classname="tests.Signup" name="intialisebrowser" time="2.819">
    <error message="Unable to obtain: Capabilities {browserName: chrome, goog:chromeOptions: {args: [--remote-allow-origins=*], extensions: []}}" type="org.openqa.selenium.remote.NoSuchDriverException">
      <![CDATA[org.openqa.selenium.remote.NoSuchDriverException: Unable to obtain: Capabilities {browserName: chrome, goog:chromeOptions: {args: [--remote-allow-origins=*], extensions: []}}
at org.openqa.selenium.remote.service.DriverFinder.getPath(DriverFinder.java:29)
at org.openqa.selenium.chrome.ChromeDriver.generateExecutor(ChromeDriver.java:98)
at org.openqa.selenium.chrome.ChromeDriver.<init>(ChromeDriver.java:87)
at org.openqa.selenium.chrome.ChromeDriver.<init>(ChromeDriver.java:82)
at org.openqa.selenium.chrome.ChromeDriver.<init>(ChromeDriver.java:50)
at tests.Signup.intialisebrowser(Signup.java:74)
at java.base/jdk.internal.reflect.DirectMethodHandleAccessor.invoke(DirectMethodHandleAccessor.java:104)
at java.base/java.lang.reflect.Method.invoke(Method.java:578)
at org.testng.internal.invokers.MethodInvocationHelper.invokeMethod(MethodInvocationHelper.java:139)
at org.testng.internal.invokers.MethodInvocationHelper.invokeMethodConsideringTimeout(MethodInvocationHelper.java:69)
at org.testng.internal.invokers.ConfigInvoker.invokeConfigurationMethod(ConfigInvoker.java:390)
at org.testng.internal.invokers.ConfigInvoker.invokeConfigurations(ConfigInvoker.java:325)
at org.testng.TestRunner.invokeTestConfigurations(TestRunner.java:663)
at org.testng.TestRunner.beforeRun(TestRunner.java:652)
at org.testng.TestRunner.run(TestRunner.java:614)
at org.testng.SuiteRunner.runTest(SuiteRunner.java:443)
at org.testng.SuiteRunner.runSequentially(SuiteRunner.java:437)
at org.testng.SuiteRunner.privateRun(SuiteRunner.java:397)
at org.testng.SuiteRunner.run(SuiteRunner.java:336)
at org.testng.SuiteRunnerWorker.runSuite(SuiteRunnerWorker.java:52)
at org.testng.SuiteRunnerWorker.run(SuiteRunnerWorker.java:95)
at org.testng.TestNG.runSuitesSequentially(TestNG.java:1280)
at org.testng.TestNG.runSuitesLocally(TestNG.java:1200)
at org.testng.TestNG.runSuites(TestNG.java:1114)
at org.testng.TestNG.run(TestNG.java:1082)
at org.testng.remote.AbstractRemoteTestNG.run(AbstractRemoteTestNG.java:115)
at org.testng.remote.RemoteTestNG.initAndRun(RemoteTestNG.java:251)
at org.testng.remote.RemoteTestNG.main(RemoteTestNG.java:77)
Caused by: org.openqa.selenium.WebDriverException: Unsuccessful command executed: [C:\Users\afiya\AppData\Local\Temp\selenium-manager11978025881869004855895975644215334\selenium-manager.exe, --browser, chrome, --output, json]
The chromedriver version cannot be discovered
Build info: version: '4.10.0', revision: 'c14d967899'
System info: os.name: 'Windows 11', os.arch: 'amd64', os.version: '10.0', java.version: '20.0.2'
Driver info: driver.version: ChromeDriver
at org.openqa.selenium.manager.SeleniumManager.runCommand(SeleniumManager.java:130)
at org.openqa.selenium.manager.SeleniumManager.getDriverPath(SeleniumManager.java:251)
at org.openqa.selenium.remote.service.DriverFinder.getPath(DriverFinder.java:27)
... 27 more
]]>
    </error>
  </testcase> <!-- intialisebrowser -->
  <testcase classname="tests.Signup" name="signuppage" time="0.000">
    <skipped/>
  </testcase> <!-- signuppage -->
  <testcase classname="tests.Signup" name="Register" time="0.000">
    <skipped/>
  </testcase> <!-- Register -->
  <testcase classname="tests.Signup" name="logindetailspage" time="0.000">
    <skipped/>
  </testcase> <!-- logindetailspage -->
  <testcase classname="tests.Signup" name="incorrect" time="0.000">
    <skipped/>
  </testcase> <!-- incorrect -->
  <testcase classname="tests.Signup" name="logout" time="0.000">
    <skipped/>
  </testcase> <!-- logout -->
  <testcase classname="tests.Signup" name="existingdetails" time="0.000">
    <skipped/>
  </testcase> <!-- existingdetails -->
  <testcase classname="tests.Signup" name="fillForm" time="0.000">
    <skipped/>
  </testcase> <!-- fillForm -->
  <testcase classname="tests.Signup" name="testcase" time="0.000">
    <skipped/>
  </testcase> <!-- testcase -->
  <testcase classname="tests.Signup" name="productdetailspage" time="0.002">
    <skipped/>
  </testcase> <!-- productdetailspage -->
  <testcase classname="tests.Signup" name="searchproduct" time="0.000">
    <skipped/>
  </testcase> <!-- searchproduct -->
  <testcase classname="tests.Signup" name="Subscriptionpage" time="0.000">
    <skipped/>
  </testcase> <!-- Subscriptionpage -->
  <testcase classname="tests.Signup" name="Cartpage" time="0.000">
    <skipped/>
  </testcase> <!-- Cartpage -->
  <testcase classname="tests.Signup" name="Addproduct" time="0.001">
    <skipped/>
  </testcase> <!-- Addproduct -->
  <testcase classname="tests.Signup" name="Productquantity" time="0.000">
    <skipped/>
  </testcase> <!-- Productquantity -->
  <testcase classname="tests.Signup" name="Registerwhilecheckout" time="0.001">
    <skipped/>
  </testcase> <!-- Registerwhilecheckout -->
  <testcase classname="tests.Signup" name="Beforecheckout" time="0.000">
    <skipped/>
  </testcase> <!-- Beforecheckout -->
  <testcase classname="tests.Signup" name="Loginbeforecheckout" time="0.000">
    <skipped/>
  </testcase> <!-- Loginbeforecheckout -->
  <testcase classname="tests.Signup" name="Removefromcart" time="0.000">
    <skipped/>
  </testcase> <!-- Removefromcart -->
  <testcase classname="tests.Signup" name="Viewcategory" time="0.000">
    <skipped/>
  </testcase> <!-- Viewcategory -->
  <testcase classname="tests.Signup" name="Cartbrand" time="0.000">
    <skipped/>
  </testcase> <!-- Cartbrand -->
  <testcase classname="tests.Signup" name="Verifycartafterlogin" time="0.000">
    <skipped/>
  </testcase> <!-- Verifycartafterlogin -->
  <testcase classname="tests.Signup" name="Addreview" time="0.000">
    <skipped/>
  </testcase> <!-- Addreview -->
  <testcase classname="tests.Signup" name="Recommendeditems" time="0.000">
    <skipped/>
  </testcase> <!-- Recommendeditems -->
  <testcase classname="tests.Signup" name="Addressdetails" time="0.000">
    <skipped/>
  </testcase> <!-- Addressdetails -->
  <testcase classname="tests.Signup" name="Downloadinvoice" time="0.000">
    <skipped/>
  </testcase> <!-- Downloadinvoice -->
  <testcase classname="tests.Signup" name="Scrollupusingarrow" time="0.000">
    <skipped/>
  </testcase> <!-- Scrollupusingarrow -->
  <testcase classname="tests.Signup" name="Scrollupwithoutarrow" time="0.000">
    <skipped/>
  </testcase> <!-- Scrollupwithoutarrow -->
</testsuite> <!-- tests.Signup -->
